[debug] [2022-07-06T18:16:20.364Z] ----------------------------------------------------------------------
[debug] [2022-07-06T18:16:20.365Z] Command:       /usr/local/bin/node /usr/local/bin/firebase init
[debug] [2022-07-06T18:16:20.366Z] CLI Version:   11.1.0
[debug] [2022-07-06T18:16:20.366Z] Platform:      darwin
[debug] [2022-07-06T18:16:20.366Z] Node Version:  v16.7.0
[debug] [2022-07-06T18:16:20.367Z] Time:          Wed Jul 06 2022 23:46:20 GMT+0530 (India Standard Time)
[debug] [2022-07-06T18:16:20.367Z] ----------------------------------------------------------------------
[debug] 
[debug] [2022-07-06T18:16:20.370Z] > command requires scopes: ["email","openid","https://www.googleapis.com/auth/cloudplatformprojects.readonly","https://www.googleapis.com/auth/firebase","https://www.googleapis.com/auth/cloud-platform"]
[debug] [2022-07-06T18:16:20.371Z] > authorizing via signed-in user (bhargeys@gmail.com)
[info] 
     ######## #### ########  ######## ########     ###     ######  ########
     ##        ##  ##     ## ##       ##     ##  ##   ##  ##       ##
     ######    ##  ########  ######   ########  #########  ######  ######
     ##        ##  ##    ##  ##       ##     ## ##     ##       ## ##
     ##       #### ##     ## ######## ########  ##     ##  ######  ########

You're about to initialize a Firebase project in this directory:

  /Users/bhargey/Desktop/Bhargey/Web Development/6.React/Projects/3.netflix-clone

[info] 
=== Project Setup
[info] 
[info] First, let's associate this project directory with a Firebase project.
[info] You can create multiple project aliases by running firebase use --add, 
[info] but for now we'll just set up a default project.
[info] 
[debug] [2022-07-06T18:16:41.930Z] >>> [apiv2][query] GET https://firebase.googleapis.com/v1beta1/projects pageSize=100
[debug] [2022-07-06T18:16:42.770Z] <<< [apiv2][status] GET https://firebase.googleapis.com/v1beta1/projects 200
[debug] [2022-07-06T18:16:42.770Z] <<< [apiv2][body] GET https://firebase.googleapis.com/v1beta1/projects [omitted]
[info] i  Using project netflix-clone-9d650 (netflix-clone) 
[info] 
=== Hosting Setup
[info] 
[info] Your public directory is the folder (relative to your project directory) that
[info] will contain Hosting assets to be uploaded with firebase deploy. If you
[info] have a build process for your assets, use your build's output directory.
[info] 
[debug] [2022-07-06T18:18:20.427Z] >>> [apiv2][query] GET https://www.gstatic.com/firebasejs/releases.json [none]
[debug] [2022-07-06T18:18:20.519Z] <<< [apiv2][status] GET https://www.gstatic.com/firebasejs/releases.json 200
[debug] [2022-07-06T18:18:20.519Z] <<< [apiv2][body] GET https://www.gstatic.com/firebasejs/releases.json {"current":{"version":"9.8.4","browserURL":"https://www.gstatic.com/firebasejs/9.8.4/firebase.js","packageURL":"https://www.gstatic.com/firebasejs/9.8.4/firebase.tgz"},"live":{"version":"9.8","browserURL":"https://www.gstatic.com/firebasejs/live/9.8/firebase.js","packageURL":"https://www.gstatic.com/firebasejs/live/9.8/firebase.tgz"},"components":{"analytics":"https://www.gstatic.com/firebasejs/9.8.4/firebase-analytics.js","app":"https://www.gstatic.com/firebasejs/9.8.4/firebase-app.js","app-check":"https://www.gstatic.com/firebasejs/9.8.4/firebase-app-check.js","auth":"https://www.gstatic.com/firebasejs/9.8.4/firebase-auth.js","auth/cordova":"https://www.gstatic.com/firebasejs/9.8.4/firebase-auth/cordova.js","auth/react-native":"https://www.gstatic.com/firebasejs/9.8.4/firebase-auth/react-native.js","functions":"https://www.gstatic.com/firebasejs/9.8.4/firebase-functions.js","firestore":"https://www.gstatic.com/firebasejs/9.8.4/firebase-firestore.js","firestore/lite":"https://www.gstatic.com/firebasejs/9.8.4/firebase-firestore/lite.js","storage":"https://www.gstatic.com/firebasejs/9.8.4/firebase-storage.js","performance":"https://www.gstatic.com/firebasejs/9.8.4/firebase-performance.js","remote-config":"https://www.gstatic.com/firebasejs/9.8.4/firebase-remote-config.js","messaging":"https://www.gstatic.com/firebasejs/9.8.4/firebase-messaging.js","messaging/sw":"https://www.gstatic.com/firebasejs/9.8.4/firebase-messaging/sw.js","database":"https://www.gstatic.com/firebasejs/9.8.4/firebase-database.js","firestore.memory":"https://www.gstatic.com/firebasejs/9.8.4/firebase-firestore.memory.js"}}
[info] ✔  Wrote build/index.html 
[info] 
[info] i  Detected a .git folder at /Users/bhargey/Desktop/Bhargey/Web Development/6.React/Projects/3.netflix-clone 
[info] i  Authorizing with GitHub to upload your service account to a GitHub repository's secrets store. 
[info] 
[info] Visit this URL on this device to log in:
[info] https://github.com/login/oauth/authorize?client_id=89cf50f02ac6aaed3484&state=3706401&redirect_uri=http%3A%2F%2Flocalhost%3A9005&scope=read%3Auser%20repo%20public_repo
[info] 
[info] Waiting for authentication...
[debug] [2022-07-06T18:19:15.555Z] >>> [apiv2][query] POST https://github.com/login/oauth/access_token [none]
[debug] [2022-07-06T18:19:15.556Z] >>> [apiv2][body] POST https://github.com/login/oauth/access_token [stream]
[debug] [2022-07-06T18:19:15.968Z] <<< [apiv2][status] POST https://github.com/login/oauth/access_token 200
[debug] [2022-07-06T18:19:15.969Z] <<< [apiv2][body] POST https://github.com/login/oauth/access_token {"access_token":"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","token_type":"bearer","scope":"read:user,repo"}
[debug] [2022-07-06T18:19:15.978Z] >>> [apiv2][query] GET https://api.github.com/user [none]
[debug] [2022-07-06T18:19:16.356Z] <<< [apiv2][status] GET https://api.github.com/user 200
[debug] [2022-07-06T18:19:16.357Z] <<< [apiv2][body] GET https://api.github.com/user {"login":"bhargey-s","id":68428986,"node_id":"MDQ6VXNlcjY4NDI4OTg2","avatar_url":"https://avatars.githubusercontent.com/u/68428986?v=4","gravatar_id":"","url":"https://api.github.com/users/bhargey-s","html_url":"https://github.com/bhargey-s","followers_url":"https://api.github.com/users/bhargey-s/followers","following_url":"https://api.github.com/users/bhargey-s/following{/other_user}","gists_url":"https://api.github.com/users/bhargey-s/gists{/gist_id}","starred_url":"https://api.github.com/users/bhargey-s/starred{/owner}{/repo}","subscriptions_url":"https://api.github.com/users/bhargey-s/subscriptions","organizations_url":"https://api.github.com/users/bhargey-s/orgs","repos_url":"https://api.github.com/users/bhargey-s/repos","events_url":"https://api.github.com/users/bhargey-s/events{/privacy}","received_events_url":"https://api.github.com/users/bhargey-s/received_events","type":"User","site_admin":false,"name":"Bhargey Shingala","company":null,"blog":"","location":null,"email":null,"hireable":null,"bio":null,"twitter_username":null,"public_repos":4,"public_gists":0,"followers":0,"following":0,"created_at":"2020-07-17T12:32:20Z","updated_at":"2022-05-24T02:05:38Z","private_gists":0,"total_private_repos":0,"owned_private_repos":0,"disk_usage":1090,"collaborators":0,"two_factor_authentication":false,"plan":{"name":"free","space":976562499,"collaborators":0,"private_repos":10000}}
[info] 
[info] ✔  Success! Logged into GitHub as bhargey-s 
[info] 
